<?xml version="1.0" encoding="UTF-8"?>
<testsuite xmlns:xsi="http://www.w3.org/2001/XMLSchema-instance" xsi:noNamespaceSchemaLocation="https://maven.apache.org/surefire/maven-surefire-plugin/xsd/surefire-test-report.xsd" name="com.msb.dongbao.portal.web.test.TestMain" time="0.011" tests="1" errors="0" skipped="0" failures="0">
  <properties>
    <property name="sun.desktop" value="windows"/>
    <property name="awt.toolkit" value="sun.awt.windows.WToolkit"/>
    <property name="file.encoding.pkg" value="sun.io"/>
    <property name="java.specification.version" value="1.8"/>
    <property name="sun.cpu.isalist" value="amd64"/>
    <property name="sun.jnu.encoding" value="GBK"/>
    <property name="java.class.path" value="G:\msb-dongbao-mall-parent\msb-dongbao-application\msb-dongbao-portal-web\target\test-classes;G:\msb-dongbao-mall-parent\msb-dongbao-application\msb-dongbao-portal-web\target\classes;D:\repository\org\springframework\boot\spring-boot-starter-web\2.4.1\spring-boot-starter-web-2.4.1.jar;D:\repository\org\springframework\boot\spring-boot-starter-json\2.4.1\spring-boot-starter-json-2.4.1.jar;D:\repository\com\fasterxml\jackson\core\jackson-databind\2.11.3\jackson-databind-2.11.3.jar;D:\repository\com\fasterxml\jackson\core\jackson-annotations\2.11.3\jackson-annotations-2.11.3.jar;D:\repository\com\fasterxml\jackson\core\jackson-core\2.11.3\jackson-core-2.11.3.jar;D:\repository\com\fasterxml\jackson\datatype\jackson-datatype-jdk8\2.11.3\jackson-datatype-jdk8-2.11.3.jar;D:\repository\com\fasterxml\jackson\datatype\jackson-datatype-jsr310\2.11.3\jackson-datatype-jsr310-2.11.3.jar;D:\repository\com\fasterxml\jackson\module\jackson-module-parameter-names\2.11.3\jackson-module-parameter-names-2.11.3.jar;D:\repository\org\springframework\boot\spring-boot-starter-tomcat\2.4.1\spring-boot-starter-tomcat-2.4.1.jar;D:\repository\org\apache\tomcat\embed\tomcat-embed-core\9.0.41\tomcat-embed-core-9.0.41.jar;D:\repository\org\apache\tomcat\embed\tomcat-embed-websocket\9.0.41\tomcat-embed-websocket-9.0.41.jar;D:\repository\org\springframework\spring-web\5.3.2\spring-web-5.3.2.jar;D:\repository\org\springframework\spring-beans\5.3.2\spring-beans-5.3.2.jar;D:\repository\org\springframework\spring-webmvc\5.3.2\spring-webmvc-5.3.2.jar;D:\repository\org\springframework\spring-aop\5.3.2\spring-aop-5.3.2.jar;D:\repository\org\springframework\spring-context\5.3.2\spring-context-5.3.2.jar;D:\repository\org\springframework\spring-expression\5.3.2\spring-expression-5.3.2.jar;D:\repository\org\springframework\boot\spring-boot-starter\2.4.1\spring-boot-starter-2.4.1.jar;D:\repository\org\springframework\boot\spring-boot\2.4.1\spring-boot-2.4.1.jar;D:\repository\org\springframework\boot\spring-boot-autoconfigure\2.4.1\spring-boot-autoconfigure-2.4.1.jar;D:\repository\org\springframework\boot\spring-boot-starter-logging\2.4.1\spring-boot-starter-logging-2.4.1.jar;D:\repository\ch\qos\logback\logback-classic\1.2.3\logback-classic-1.2.3.jar;D:\repository\ch\qos\logback\logback-core\1.2.3\logback-core-1.2.3.jar;D:\repository\org\apache\logging\log4j\log4j-to-slf4j\2.13.3\log4j-to-slf4j-2.13.3.jar;D:\repository\org\apache\logging\log4j\log4j-api\2.13.3\log4j-api-2.13.3.jar;D:\repository\org\slf4j\jul-to-slf4j\1.7.30\jul-to-slf4j-1.7.30.jar;D:\repository\jakarta\annotation\jakarta.annotation-api\1.3.5\jakarta.annotation-api-1.3.5.jar;D:\repository\org\springframework\spring-core\5.3.2\spring-core-5.3.2.jar;D:\repository\org\springframework\spring-jcl\5.3.2\spring-jcl-5.3.2.jar;D:\repository\org\yaml\snakeyaml\1.27\snakeyaml-1.27.jar;D:\repository\org\springframework\boot\spring-boot-starter-test\2.4.1\spring-boot-starter-test-2.4.1.jar;D:\repository\org\springframework\boot\spring-boot-test\2.4.1\spring-boot-test-2.4.1.jar;D:\repository\org\springframework\boot\spring-boot-test-autoconfigure\2.4.1\spring-boot-test-autoconfigure-2.4.1.jar;D:\repository\com\jayway\jsonpath\json-path\2.4.0\json-path-2.4.0.jar;D:\repository\net\minidev\json-smart\2.3\json-smart-2.3.jar;D:\repository\net\minidev\accessors-smart\1.2\accessors-smart-1.2.jar;D:\repository\org\ow2\asm\asm\5.0.4\asm-5.0.4.jar;D:\repository\jakarta\xml\bind\jakarta.xml.bind-api\2.3.3\jakarta.xml.bind-api-2.3.3.jar;D:\repository\jakarta\activation\jakarta.activation-api\1.2.2\jakarta.activation-api-1.2.2.jar;D:\repository\org\assertj\assertj-core\3.18.1\assertj-core-3.18.1.jar;D:\repository\org\hamcrest\hamcrest\2.2\hamcrest-2.2.jar;D:\repository\org\junit\jupiter\junit-jupiter\5.7.0\junit-jupiter-5.7.0.jar;D:\repository\org\junit\jupiter\junit-jupiter-api\5.7.0\junit-jupiter-api-5.7.0.jar;D:\repository\org\apiguardian\apiguardian-api\1.1.0\apiguardian-api-1.1.0.jar;D:\repository\org\opentest4j\opentest4j\1.2.0\opentest4j-1.2.0.jar;D:\repository\org\junit\platform\junit-platform-commons\1.7.0\junit-platform-commons-1.7.0.jar;D:\repository\org\junit\jupiter\junit-jupiter-params\5.7.0\junit-jupiter-params-5.7.0.jar;D:\repository\org\junit\jupiter\junit-jupiter-engine\5.7.0\junit-jupiter-engine-5.7.0.jar;D:\repository\org\junit\platform\junit-platform-engine\1.7.0\junit-platform-engine-1.7.0.jar;D:\repository\org\mockito\mockito-core\3.6.28\mockito-core-3.6.28.jar;D:\repository\net\bytebuddy\byte-buddy\1.10.18\byte-buddy-1.10.18.jar;D:\repository\net\bytebuddy\byte-buddy-agent\1.10.18\byte-buddy-agent-1.10.18.jar;D:\repository\org\objenesis\objenesis\3.1\objenesis-3.1.jar;D:\repository\org\mockito\mockito-junit-jupiter\3.6.28\mockito-junit-jupiter-3.6.28.jar;D:\repository\org\skyscreamer\jsonassert\1.5.0\jsonassert-1.5.0.jar;D:\repository\com\vaadin\external\google\android-json\0.0.20131108.vaadin1\android-json-0.0.20131108.vaadin1.jar;D:\repository\org\springframework\spring-test\5.3.2\spring-test-5.3.2.jar;D:\repository\org\xmlunit\xmlunit-core\2.7.0\xmlunit-core-2.7.0.jar;D:\repository\mysql\mysql-connector-java\8.0.22\mysql-connector-java-8.0.22.jar;D:\repository\com\baomidou\mybatis-plus-boot-starter\3.0.5\mybatis-plus-boot-starter-3.0.5.jar;D:\repository\com\baomidou\mybatis-plus\3.0.5\mybatis-plus-3.0.5.jar;D:\repository\com\baomidou\mybatis-plus-extension\3.0.5\mybatis-plus-extension-3.0.5.jar;D:\repository\com\baomidou\mybatis-plus-core\3.0.5\mybatis-plus-core-3.0.5.jar;D:\repository\com\baomidou\mybatis-plus-annotation\3.0.5\mybatis-plus-annotation-3.0.5.jar;D:\repository\com\github\jsqlparser\jsqlparser\1.2\jsqlparser-1.2.jar;D:\repository\org\mybatis\mybatis-spring\1.3.2\mybatis-spring-1.3.2.jar;D:\repository\org\mybatis\mybatis\3.4.6\mybatis-3.4.6.jar;D:\repository\com\baomidou\mybatis-plus-generator\3.0.5\mybatis-plus-generator-3.0.5.jar;D:\repository\org\springframework\boot\spring-boot-starter-jdbc\2.4.1\spring-boot-starter-jdbc-2.4.1.jar;D:\repository\com\zaxxer\HikariCP\3.4.5\HikariCP-3.4.5.jar;D:\repository\org\springframework\spring-jdbc\5.3.2\spring-jdbc-5.3.2.jar;D:\repository\org\springframework\boot\spring-boot-configuration-processor\2.4.1\spring-boot-configuration-processor-2.4.1.jar;D:\repository\net\sourceforge\tess4j\tess4j\4.5.4\tess4j-4.5.4.jar;D:\repository\com\github\jai-imageio\jai-imageio-core\1.4.0\jai-imageio-core-1.4.0.jar;D:\repository\org\ghost4j\ghost4j\1.0.1\ghost4j-1.0.1.jar;D:\repository\log4j\log4j\1.2.17\log4j-1.2.17.jar;D:\repository\commons-beanutils\commons-beanutils\1.9.2\commons-beanutils-1.9.2.jar;D:\repository\commons-collections\commons-collections\3.2.1\commons-collections-3.2.1.jar;D:\repository\org\apache\xmlgraphics\xmlgraphics-commons\1.4\xmlgraphics-commons-1.4.jar;D:\repository\com\lowagie\itext\2.1.7\itext-2.1.7.jar;D:\repository\org\apache\pdfbox\pdfbox\2.0.21\pdfbox-2.0.21.jar;D:\repository\org\apache\pdfbox\fontbox\2.0.21\fontbox-2.0.21.jar;D:\repository\org\apache\pdfbox\pdfbox-tools\2.0.21\pdfbox-tools-2.0.21.jar;D:\repository\org\apache\pdfbox\pdfbox-debugger\2.0.21\pdfbox-debugger-2.0.21.jar;D:\repository\org\apache\pdfbox\jbig2-imageio\3.0.3\jbig2-imageio-3.0.3.jar;D:\repository\net\sourceforge\lept4j\lept4j\1.13.2\lept4j-1.13.2.jar;D:\repository\org\jboss\jboss-vfs\3.2.15.Final\jboss-vfs-3.2.15.Final.jar;D:\repository\org\jboss\logging\jboss-logging\3.4.1.Final\jboss-logging-3.4.1.Final.jar;D:\repository\org\slf4j\slf4j-api\1.7.30\slf4j-api-1.7.30.jar;D:\repository\com\ramostear\Happy-Captcha\1.0.1\Happy-Captcha-1.0.1.jar;D:\repository\com\github\whvcse\easy-captcha\1.6.2\easy-captcha-1.6.2.jar;D:\repository\org\springframework\boot\spring-boot-starter-validation\2.4.1\spring-boot-starter-validation-2.4.1.jar;D:\repository\org\glassfish\jakarta.el\3.0.3\jakarta.el-3.0.3.jar;D:\repository\org\hibernate\validator\hibernate-validator\6.1.6.Final\hibernate-validator-6.1.6.Final.jar;D:\repository\jakarta\validation\jakarta.validation-api\2.0.2\jakarta.validation-api-2.0.2.jar;D:\repository\com\fasterxml\classmate\1.5.1\classmate-1.5.1.jar;D:\repository\org\springframework\boot\spring-boot-starter-data-redis\2.4.1\spring-boot-starter-data-redis-2.4.1.jar;D:\repository\org\springframework\data\spring-data-redis\2.4.2\spring-data-redis-2.4.2.jar;D:\repository\org\springframework\data\spring-data-keyvalue\2.4.2\spring-data-keyvalue-2.4.2.jar;D:\repository\org\springframework\data\spring-data-commons\2.4.2\spring-data-commons-2.4.2.jar;D:\repository\org\springframework\spring-tx\5.3.2\spring-tx-5.3.2.jar;D:\repository\org\springframework\spring-oxm\5.3.2\spring-oxm-5.3.2.jar;D:\repository\org\springframework\spring-context-support\5.3.2\spring-context-support-5.3.2.jar;D:\repository\io\lettuce\lettuce-core\6.0.1.RELEASE\lettuce-core-6.0.1.RELEASE.jar;D:\repository\io\netty\netty-common\4.1.55.Final\netty-common-4.1.55.Final.jar;D:\repository\io\netty\netty-handler\4.1.55.Final\netty-handler-4.1.55.Final.jar;D:\repository\io\netty\netty-resolver\4.1.55.Final\netty-resolver-4.1.55.Final.jar;D:\repository\io\netty\netty-buffer\4.1.55.Final\netty-buffer-4.1.55.Final.jar;D:\repository\io\netty\netty-codec\4.1.55.Final\netty-codec-4.1.55.Final.jar;D:\repository\io\netty\netty-transport\4.1.55.Final\netty-transport-4.1.55.Final.jar;D:\repository\io\projectreactor\reactor-core\3.4.1\reactor-core-3.4.1.jar;D:\repository\org\reactivestreams\reactive-streams\1.0.3\reactive-streams-1.0.3.jar;D:\repository\com\baomidou\kaptcha-spring-boot-starter\1.1.0\kaptcha-spring-boot-starter-1.1.0.jar;D:\repository\com\github\penggle\kaptcha\2.3.2\kaptcha-2.3.2.jar;D:\repository\javax\servlet\javax.servlet-api\4.0.1\javax.servlet-api-4.0.1.jar;D:\repository\com\jhlabs\filters\2.0.235-1\filters-2.0.235-1.jar;D:\repository\com\alibaba\fastjson\1.2.47\fastjson-1.2.47.jar;D:\repository\com\msb\msb-dongbao-ums\1.0-SNAPSHOT\msb-dongbao-ums-1.0-SNAPSHOT.jar;D:\repository\org\apache\velocity\velocity-engine-core\2.0\velocity-engine-core-2.0.jar;D:\repository\org\apache\commons\commons-lang3\3.11\commons-lang3-3.11.jar;D:\repository\org\springframework\security\spring-security-crypto\5.4.2\spring-security-crypto-5.4.2.jar;D:\repository\com\msb\msb-dongbao-ums-api\1.0-SNAPSHOT\msb-dongbao-ums-api-1.0-SNAPSHOT.jar;D:\repository\com\msb\msb-dongbao-common-util\1.0-SNAPSHOT\msb-dongbao-common-util-1.0-SNAPSHOT.jar;D:\repository\io\jsonwebtoken\jjwt\0.7.0\jjwt-0.7.0.jar;D:\repository\com\octo\captcha\jcaptcha\1.0\jcaptcha-1.0.jar;D:\repository\com\octo\captcha\jcaptcha-api\1.0\jcaptcha-api-1.0.jar;D:\repository\commons-logging\commons-logging\1.0.4\commons-logging-1.0.4.jar;D:\repository\javax\servlet\servlet-api\2.3\servlet-api-2.3.jar;D:\repository\cn\hutool\hutool-all\5.3.2\hutool-all-5.3.2.jar;D:\repository\com\msb\msb-dongbao-common-base\1.0-SNAPSHOT\msb-dongbao-common-base-1.0-SNAPSHOT.jar;D:\repository\org\projectlombok\lombok\1.18.16\lombok-1.18.16.jar;"/>
    <property name="java.vm.vendor" value="Oracle Corporation"/>
    <property name="sun.arch.data.model" value="64"/>
    <property name="user.variant" value=""/>
    <property name="java.vendor.url" value="http://java.oracle.com/"/>
    <property name="user.timezone" value="Asia/Shanghai"/>
    <property name="java.vm.specification.version" value="1.8"/>
    <property name="os.name" value="Windows 10"/>
    <property name="user.country" value="CN"/>
    <property name="sun.java.launcher" value="SUN_STANDARD"/>
    <property name="sun.boot.library.path" value="C:\Program Files\Java\jdk1.8.0_201\jre\bin"/>
    <property name="sun.java.command" value="C:\Users\xuchuangye\AppData\Local\Temp\surefire6874528550257860328\surefirebooter8178603090230807280.jar C:\Users\xuchuangye\AppData\Local\Temp\surefire6874528550257860328 2022-09-19T17-03-11_562-jvmRun1 surefire1788957750765263875tmp surefire_04920673780809627254tmp"/>
    <property name="surefire.test.class.path" value="G:\msb-dongbao-mall-parent\msb-dongbao-application\msb-dongbao-portal-web\target\test-classes;G:\msb-dongbao-mall-parent\msb-dongbao-application\msb-dongbao-portal-web\target\classes;D:\repository\org\springframework\boot\spring-boot-starter-web\2.4.1\spring-boot-starter-web-2.4.1.jar;D:\repository\org\springframework\boot\spring-boot-starter-json\2.4.1\spring-boot-starter-json-2.4.1.jar;D:\repository\com\fasterxml\jackson\core\jackson-databind\2.11.3\jackson-databind-2.11.3.jar;D:\repository\com\fasterxml\jackson\core\jackson-annotations\2.11.3\jackson-annotations-2.11.3.jar;D:\repository\com\fasterxml\jackson\core\jackson-core\2.11.3\jackson-core-2.11.3.jar;D:\repository\com\fasterxml\jackson\datatype\jackson-datatype-jdk8\2.11.3\jackson-datatype-jdk8-2.11.3.jar;D:\repository\com\fasterxml\jackson\datatype\jackson-datatype-jsr310\2.11.3\jackson-datatype-jsr310-2.11.3.jar;D:\repository\com\fasterxml\jackson\module\jackson-module-parameter-names\2.11.3\jackson-module-parameter-names-2.11.3.jar;D:\repository\org\springframework\boot\spring-boot-starter-tomcat\2.4.1\spring-boot-starter-tomcat-2.4.1.jar;D:\repository\org\apache\tomcat\embed\tomcat-embed-core\9.0.41\tomcat-embed-core-9.0.41.jar;D:\repository\org\apache\tomcat\embed\tomcat-embed-websocket\9.0.41\tomcat-embed-websocket-9.0.41.jar;D:\repository\org\springframework\spring-web\5.3.2\spring-web-5.3.2.jar;D:\repository\org\springframework\spring-beans\5.3.2\spring-beans-5.3.2.jar;D:\repository\org\springframework\spring-webmvc\5.3.2\spring-webmvc-5.3.2.jar;D:\repository\org\springframework\spring-aop\5.3.2\spring-aop-5.3.2.jar;D:\repository\org\springframework\spring-context\5.3.2\spring-context-5.3.2.jar;D:\repository\org\springframework\spring-expression\5.3.2\spring-expression-5.3.2.jar;D:\repository\org\springframework\boot\spring-boot-starter\2.4.1\spring-boot-starter-2.4.1.jar;D:\repository\org\springframework\boot\spring-boot\2.4.1\spring-boot-2.4.1.jar;D:\repository\org\springframework\boot\spring-boot-autoconfigure\2.4.1\spring-boot-autoconfigure-2.4.1.jar;D:\repository\org\springframework\boot\spring-boot-starter-logging\2.4.1\spring-boot-starter-logging-2.4.1.jar;D:\repository\ch\qos\logback\logback-classic\1.2.3\logback-classic-1.2.3.jar;D:\repository\ch\qos\logback\logback-core\1.2.3\logback-core-1.2.3.jar;D:\repository\org\apache\logging\log4j\log4j-to-slf4j\2.13.3\log4j-to-slf4j-2.13.3.jar;D:\repository\org\apache\logging\log4j\log4j-api\2.13.3\log4j-api-2.13.3.jar;D:\repository\org\slf4j\jul-to-slf4j\1.7.30\jul-to-slf4j-1.7.30.jar;D:\repository\jakarta\annotation\jakarta.annotation-api\1.3.5\jakarta.annotation-api-1.3.5.jar;D:\repository\org\springframework\spring-core\5.3.2\spring-core-5.3.2.jar;D:\repository\org\springframework\spring-jcl\5.3.2\spring-jcl-5.3.2.jar;D:\repository\org\yaml\snakeyaml\1.27\snakeyaml-1.27.jar;D:\repository\org\springframework\boot\spring-boot-starter-test\2.4.1\spring-boot-starter-test-2.4.1.jar;D:\repository\org\springframework\boot\spring-boot-test\2.4.1\spring-boot-test-2.4.1.jar;D:\repository\org\springframework\boot\spring-boot-test-autoconfigure\2.4.1\spring-boot-test-autoconfigure-2.4.1.jar;D:\repository\com\jayway\jsonpath\json-path\2.4.0\json-path-2.4.0.jar;D:\repository\net\minidev\json-smart\2.3\json-smart-2.3.jar;D:\repository\net\minidev\accessors-smart\1.2\accessors-smart-1.2.jar;D:\repository\org\ow2\asm\asm\5.0.4\asm-5.0.4.jar;D:\repository\jakarta\xml\bind\jakarta.xml.bind-api\2.3.3\jakarta.xml.bind-api-2.3.3.jar;D:\repository\jakarta\activation\jakarta.activation-api\1.2.2\jakarta.activation-api-1.2.2.jar;D:\repository\org\assertj\assertj-core\3.18.1\assertj-core-3.18.1.jar;D:\repository\org\hamcrest\hamcrest\2.2\hamcrest-2.2.jar;D:\repository\org\junit\jupiter\junit-jupiter\5.7.0\junit-jupiter-5.7.0.jar;D:\repository\org\junit\jupiter\junit-jupiter-api\5.7.0\junit-jupiter-api-5.7.0.jar;D:\repository\org\apiguardian\apiguardian-api\1.1.0\apiguardian-api-1.1.0.jar;D:\repository\org\opentest4j\opentest4j\1.2.0\opentest4j-1.2.0.jar;D:\repository\org\junit\platform\junit-platform-commons\1.7.0\junit-platform-commons-1.7.0.jar;D:\repository\org\junit\jupiter\junit-jupiter-params\5.7.0\junit-jupiter-params-5.7.0.jar;D:\repository\org\junit\jupiter\junit-jupiter-engine\5.7.0\junit-jupiter-engine-5.7.0.jar;D:\repository\org\junit\platform\junit-platform-engine\1.7.0\junit-platform-engine-1.7.0.jar;D:\repository\org\mockito\mockito-core\3.6.28\mockito-core-3.6.28.jar;D:\repository\net\bytebuddy\byte-buddy\1.10.18\byte-buddy-1.10.18.jar;D:\repository\net\bytebuddy\byte-buddy-agent\1.10.18\byte-buddy-agent-1.10.18.jar;D:\repository\org\objenesis\objenesis\3.1\objenesis-3.1.jar;D:\repository\org\mockito\mockito-junit-jupiter\3.6.28\mockito-junit-jupiter-3.6.28.jar;D:\repository\org\skyscreamer\jsonassert\1.5.0\jsonassert-1.5.0.jar;D:\repository\com\vaadin\external\google\android-json\0.0.20131108.vaadin1\android-json-0.0.20131108.vaadin1.jar;D:\repository\org\springframework\spring-test\5.3.2\spring-test-5.3.2.jar;D:\repository\org\xmlunit\xmlunit-core\2.7.0\xmlunit-core-2.7.0.jar;D:\repository\mysql\mysql-connector-java\8.0.22\mysql-connector-java-8.0.22.jar;D:\repository\com\baomidou\mybatis-plus-boot-starter\3.0.5\mybatis-plus-boot-starter-3.0.5.jar;D:\repository\com\baomidou\mybatis-plus\3.0.5\mybatis-plus-3.0.5.jar;D:\repository\com\baomidou\mybatis-plus-extension\3.0.5\mybatis-plus-extension-3.0.5.jar;D:\repository\com\baomidou\mybatis-plus-core\3.0.5\mybatis-plus-core-3.0.5.jar;D:\repository\com\baomidou\mybatis-plus-annotation\3.0.5\mybatis-plus-annotation-3.0.5.jar;D:\repository\com\github\jsqlparser\jsqlparser\1.2\jsqlparser-1.2.jar;D:\repository\org\mybatis\mybatis-spring\1.3.2\mybatis-spring-1.3.2.jar;D:\repository\org\mybatis\mybatis\3.4.6\mybatis-3.4.6.jar;D:\repository\com\baomidou\mybatis-plus-generator\3.0.5\mybatis-plus-generator-3.0.5.jar;D:\repository\org\springframework\boot\spring-boot-starter-jdbc\2.4.1\spring-boot-starter-jdbc-2.4.1.jar;D:\repository\com\zaxxer\HikariCP\3.4.5\HikariCP-3.4.5.jar;D:\repository\org\springframework\spring-jdbc\5.3.2\spring-jdbc-5.3.2.jar;D:\repository\org\springframework\boot\spring-boot-configuration-processor\2.4.1\spring-boot-configuration-processor-2.4.1.jar;D:\repository\net\sourceforge\tess4j\tess4j\4.5.4\tess4j-4.5.4.jar;D:\repository\com\github\jai-imageio\jai-imageio-core\1.4.0\jai-imageio-core-1.4.0.jar;D:\repository\org\ghost4j\ghost4j\1.0.1\ghost4j-1.0.1.jar;D:\repository\log4j\log4j\1.2.17\log4j-1.2.17.jar;D:\repository\commons-beanutils\commons-beanutils\1.9.2\commons-beanutils-1.9.2.jar;D:\repository\commons-collections\commons-collections\3.2.1\commons-collections-3.2.1.jar;D:\repository\org\apache\xmlgraphics\xmlgraphics-commons\1.4\xmlgraphics-commons-1.4.jar;D:\repository\com\lowagie\itext\2.1.7\itext-2.1.7.jar;D:\repository\org\apache\pdfbox\pdfbox\2.0.21\pdfbox-2.0.21.jar;D:\repository\org\apache\pdfbox\fontbox\2.0.21\fontbox-2.0.21.jar;D:\repository\org\apache\pdfbox\pdfbox-tools\2.0.21\pdfbox-tools-2.0.21.jar;D:\repository\org\apache\pdfbox\pdfbox-debugger\2.0.21\pdfbox-debugger-2.0.21.jar;D:\repository\org\apache\pdfbox\jbig2-imageio\3.0.3\jbig2-imageio-3.0.3.jar;D:\repository\net\sourceforge\lept4j\lept4j\1.13.2\lept4j-1.13.2.jar;D:\repository\org\jboss\jboss-vfs\3.2.15.Final\jboss-vfs-3.2.15.Final.jar;D:\repository\org\jboss\logging\jboss-logging\3.4.1.Final\jboss-logging-3.4.1.Final.jar;D:\repository\org\slf4j\slf4j-api\1.7.30\slf4j-api-1.7.30.jar;D:\repository\com\ramostear\Happy-Captcha\1.0.1\Happy-Captcha-1.0.1.jar;D:\repository\com\github\whvcse\easy-captcha\1.6.2\easy-captcha-1.6.2.jar;D:\repository\org\springframework\boot\spring-boot-starter-validation\2.4.1\spring-boot-starter-validation-2.4.1.jar;D:\repository\org\glassfish\jakarta.el\3.0.3\jakarta.el-3.0.3.jar;D:\repository\org\hibernate\validator\hibernate-validator\6.1.6.Final\hibernate-validator-6.1.6.Final.jar;D:\repository\jakarta\validation\jakarta.validation-api\2.0.2\jakarta.validation-api-2.0.2.jar;D:\repository\com\fasterxml\classmate\1.5.1\classmate-1.5.1.jar;D:\repository\org\springframework\boot\spring-boot-starter-data-redis\2.4.1\spring-boot-starter-data-redis-2.4.1.jar;D:\repository\org\springframework\data\spring-data-redis\2.4.2\spring-data-redis-2.4.2.jar;D:\repository\org\springframework\data\spring-data-keyvalue\2.4.2\spring-data-keyvalue-2.4.2.jar;D:\repository\org\springframework\data\spring-data-commons\2.4.2\spring-data-commons-2.4.2.jar;D:\repository\org\springframework\spring-tx\5.3.2\spring-tx-5.3.2.jar;D:\repository\org\springframework\spring-oxm\5.3.2\spring-oxm-5.3.2.jar;D:\repository\org\springframework\spring-context-support\5.3.2\spring-context-support-5.3.2.jar;D:\repository\io\lettuce\lettuce-core\6.0.1.RELEASE\lettuce-core-6.0.1.RELEASE.jar;D:\repository\io\netty\netty-common\4.1.55.Final\netty-common-4.1.55.Final.jar;D:\repository\io\netty\netty-handler\4.1.55.Final\netty-handler-4.1.55.Final.jar;D:\repository\io\netty\netty-resolver\4.1.55.Final\netty-resolver-4.1.55.Final.jar;D:\repository\io\netty\netty-buffer\4.1.55.Final\netty-buffer-4.1.55.Final.jar;D:\repository\io\netty\netty-codec\4.1.55.Final\netty-codec-4.1.55.Final.jar;D:\repository\io\netty\netty-transport\4.1.55.Final\netty-transport-4.1.55.Final.jar;D:\repository\io\projectreactor\reactor-core\3.4.1\reactor-core-3.4.1.jar;D:\repository\org\reactivestreams\reactive-streams\1.0.3\reactive-streams-1.0.3.jar;D:\repository\com\baomidou\kaptcha-spring-boot-starter\1.1.0\kaptcha-spring-boot-starter-1.1.0.jar;D:\repository\com\github\penggle\kaptcha\2.3.2\kaptcha-2.3.2.jar;D:\repository\javax\servlet\javax.servlet-api\4.0.1\javax.servlet-api-4.0.1.jar;D:\repository\com\jhlabs\filters\2.0.235-1\filters-2.0.235-1.jar;D:\repository\com\alibaba\fastjson\1.2.47\fastjson-1.2.47.jar;D:\repository\com\msb\msb-dongbao-ums\1.0-SNAPSHOT\msb-dongbao-ums-1.0-SNAPSHOT.jar;D:\repository\org\apache\velocity\velocity-engine-core\2.0\velocity-engine-core-2.0.jar;D:\repository\org\apache\commons\commons-lang3\3.11\commons-lang3-3.11.jar;D:\repository\org\springframework\security\spring-security-crypto\5.4.2\spring-security-crypto-5.4.2.jar;D:\repository\com\msb\msb-dongbao-ums-api\1.0-SNAPSHOT\msb-dongbao-ums-api-1.0-SNAPSHOT.jar;D:\repository\com\msb\msb-dongbao-common-util\1.0-SNAPSHOT\msb-dongbao-common-util-1.0-SNAPSHOT.jar;D:\repository\io\jsonwebtoken\jjwt\0.7.0\jjwt-0.7.0.jar;D:\repository\com\octo\captcha\jcaptcha\1.0\jcaptcha-1.0.jar;D:\repository\com\octo\captcha\jcaptcha-api\1.0\jcaptcha-api-1.0.jar;D:\repository\commons-logging\commons-logging\1.0.4\commons-logging-1.0.4.jar;D:\repository\javax\servlet\servlet-api\2.3\servlet-api-2.3.jar;D:\repository\cn\hutool\hutool-all\5.3.2\hutool-all-5.3.2.jar;D:\repository\com\msb\msb-dongbao-common-base\1.0-SNAPSHOT\msb-dongbao-common-base-1.0-SNAPSHOT.jar;D:\repository\org\projectlombok\lombok\1.18.16\lombok-1.18.16.jar;"/>
    <property name="sun.cpu.endian" value="little"/>
    <property name="user.home" value="C:\Users\xuchuangye"/>
    <property name="user.language" value="zh"/>
    <property name="java.specification.vendor" value="Oracle Corporation"/>
    <property name="java.home" value="C:\Program Files\Java\jdk1.8.0_201\jre"/>
    <property name="basedir" value="G:\msb-dongbao-mall-parent\msb-dongbao-application\msb-dongbao-portal-web"/>
    <property name="file.separator" value="\"/>
    <property name="line.separator" value="&#10;"/>
    <property name="java.vm.specification.vendor" value="Oracle Corporation"/>
    <property name="java.specification.name" value="Java Platform API Specification"/>
    <property name="java.awt.graphicsenv" value="sun.awt.Win32GraphicsEnvironment"/>
    <property name="surefire.real.class.path" value="C:\Users\xuchuangye\AppData\Local\Temp\surefire6874528550257860328\surefirebooter8178603090230807280.jar"/>
    <property name="sun.boot.class.path" value="C:\Program Files\Java\jdk1.8.0_201\jre\lib\resources.jar;C:\Program Files\Java\jdk1.8.0_201\jre\lib\rt.jar;C:\Program Files\Java\jdk1.8.0_201\jre\lib\sunrsasign.jar;C:\Program Files\Java\jdk1.8.0_201\jre\lib\jsse.jar;C:\Program Files\Java\jdk1.8.0_201\jre\lib\jce.jar;C:\Program Files\Java\jdk1.8.0_201\jre\lib\charsets.jar;C:\Program Files\Java\jdk1.8.0_201\jre\lib\jfr.jar;C:\Program Files\Java\jdk1.8.0_201\jre\classes"/>
    <property name="user.script" value=""/>
    <property name="sun.management.compiler" value="HotSpot 64-Bit Tiered Compilers"/>
    <property name="java.runtime.version" value="1.8.0_201-b09"/>
    <property name="user.name" value="xuchuangye"/>
    <property name="path.separator" value=";"/>
    <property name="os.version" value="10.0"/>
    <property name="java.endorsed.dirs" value="C:\Program Files\Java\jdk1.8.0_201\jre\lib\endorsed"/>
    <property name="java.runtime.name" value="Java(TM) SE Runtime Environment"/>
    <property name="file.encoding" value="GBK"/>
    <property name="java.vm.name" value="Java HotSpot(TM) 64-Bit Server VM"/>
    <property name="localRepository" value="D:\repository"/>
    <property name="java.vendor.url.bug" value="http://bugreport.sun.com/bugreport/"/>
    <property name="java.io.tmpdir" value="C:\Users\xuchuangye\AppData\Local\Temp\"/>
    <property name="idea.version" value="2020.3.4"/>
    <property name="java.version" value="1.8.0_201"/>
    <property name="user.dir" value="G:\msb-dongbao-mall-parent\msb-dongbao-application\msb-dongbao-portal-web"/>
    <property name="os.arch" value="amd64"/>
    <property name="java.vm.specification.name" value="Java Virtual Machine Specification"/>
    <property name="java.awt.printerjob" value="sun.awt.windows.WPrinterJob"/>
    <property name="sun.os.patch.level" value=""/>
    <property name="java.library.path" value="C:\Program Files\Java\jdk1.8.0_201\jre\bin;C:\WINDOWS\Sun\Java\bin;C:\WINDOWS\system32;C:\WINDOWS;G:\MySQL\bin;E:\Maven\apache-maven-3.6.3\bin;E:\Oracle\product\11.2.0\dbhome_1\bin;C:\Program Files\Java\jdk1.8.0_201\bin;C:\Program Files\Java\jdk1.8.0_201\jre\bin;H:\VS Code\Microsoft VS Code\bin;C:\Program Files\Microsoft VS Code\bin;WIND;WS\system32;C:\WINDOWS;C:\WINDOWS\System32\Wbem;C:\WINDOWS\System32\WindowsPowerShell\v1.0\;E:\Linux\Xshell7\;E:\Linux远程登录管理\Xftp7\;C:\Program Files\dotnet\;C:\Python27;C:\WINDOWS\system32;C:\WINDOWS\System32\OpenSSH\;C:\Program Files\Git\cmd;C:\Users\xuchuangye\AppData\Roaming\npm;C:\Program Files\nodejs\node_modules\npm;C:\Users\xuchuangye\blog\node_modules;C:\Program Files\NVIDIA Corporation\NVIDIA NvDLISR;E:\MinGW\mingw64\bin;C:\Program Files\nodejs\;C:\Program Files (x86)\MySQL\MySQL Utilities 1.5\;C:\Program Files (x86)\MySQL\MySQL Utilities 1.5\Doctrine extensions for PHP\;C:\Program Files (x86)\NVIDIA Corporation\PhysX\Common;C:\WINDOWS\system32;C:\WINDOWS;C:\WINDOWS\System32\Wbem;C:\WINDOWS\System32\WindowsPowerShell\v1.0\;C:\WINDOWS\System32\OpenSSH\;C:\Users\xuchuangye\AppData\Local\Microsoft\WindowsApps;H:\VS Code\Microsoft VS Code\bin;C:\Users\xuchuangye\AppData\Local\BypassRuntm;C:\Program Files\Bandizip\;C:\Users\xuchuangye\AppData\Local\Programs\Microsoft VS Code\bin;C:\Users\xuchuangye\AppData\Local\Microsoft\WindowsApps;C:\Users\xuchuangye\AppData\Local\GitHubDesktop\bin;C:\Users\xuchuangye\AppData\Roaming\npm;;."/>
    <property name="java.vm.info" value="mixed mode"/>
    <property name="java.vendor" value="Oracle Corporation"/>
    <property name="java.vm.version" value="25.201-b09"/>
    <property name="java.ext.dirs" value="C:\Program Files\Java\jdk1.8.0_201\jre\lib\ext;C:\WINDOWS\Sun\Java\lib\ext"/>
    <property name="sun.io.unicode.encoding" value="UnicodeLittle"/>
    <property name="java.class.version" value="52.0"/>
  </properties>
  <testcase name="test" classname="com.msb.dongbao.portal.web.test.TestMain" time="0"/>
</testsuite>